<?xml version="1.0" encoding="UTF-8"?>
<!-- Generated by org.testng.reporters.JUnitReportReporter -->
<testsuite hostname="AZJ-L-CQVHNN3" failures="0" tests="3" name="testBasePack.BaseClass" time="46.199" errors="0" timestamp="2024-11-09T10:06:13 GMT-06:00" skipped="0">
  <testcase classname="testBasePack.BaseClass" name="verifyDisablityOfContinueButton" time="15.703"/>
  <testcase classname="testBasePack.BaseClass" name="verifyDisablityOfContinueButton" time="15.711"/>
  <testcase classname="testBasePack.BaseClass" name="getRegisterPage" time="14.785"/>
</testsuite> <!-- testBasePack.BaseClass -->
