<?xml version="1.0" encoding="UTF-8"?>
<!-- Generated by org.testng.reporters.JUnitReportReporter -->
<testsuite hostname="AZJ-L-CQVHNN3" failures="0" tests="3" name="testBasePack.GriDClass" time="632.957" errors="0" timestamp="2024-11-13T22:33:04 IST" skipped="0">
  <testcase classname="testBasePack.GriDClass" name="setUp" time="214.029"/>
  <testcase classname="testBasePack.GriDClass" name="setUp" time="210.506"/>
  <testcase classname="testBasePack.GriDClass" name="setUp" time="208.422"/>
</testsuite> <!-- testBasePack.GriDClass -->
